TN:
SF:/Users/tanyastickles/Code/Udacity/mws-restaurant-reviews/gulpfile.js
FN:6,(anonymous_0)
FN:13,(anonymous_1)
FNF:2
FNH:0
FNDA:0,(anonymous_0)
FNDA:0,(anonymous_1)
DA:1,0
DA:2,0
DA:3,0
DA:4,0
DA:6,0
DA:7,0
DA:13,0
DA:14,0
LF:8
LH:0
BRF:0
BRH:0
end_of_record
TN:
SF:/Users/tanyastickles/Code/Udacity/mws-restaurant-reviews/sw.js
FN:41,(anonymous_0)
FN:68,(anonymous_1)
FN:70,(anonymous_2)
FN:72,(anonymous_3)
FN:83,(anonymous_4)
FN:86,(anonymous_5)
FN:89,(anonymous_6)
FN:92,(anonymous_7)
FNF:8
FNH:0
FNDA:0,(anonymous_0)
FNDA:0,(anonymous_1)
FNDA:0,(anonymous_2)
FNDA:0,(anonymous_3)
FNDA:0,(anonymous_4)
FNDA:0,(anonymous_5)
FNDA:0,(anonymous_6)
FNDA:0,(anonymous_7)
DA:1,0
DA:3,0
DA:41,0
DA:67,0
DA:70,0
DA:71,0
DA:72,0
DA:75,0
DA:77,0
DA:83,0
DA:84,0
DA:87,0
DA:91,0
DA:94,0
LF:14
LH:0
BRDA:70,0,0,0
BRDA:70,0,1,0
BRDA:91,1,0,0
BRDA:91,1,1,0
BRF:4
BRH:0
end_of_record
TN:
SF:/Users/tanyastickles/Code/Udacity/mws-restaurant-reviews/js/dbhelper.js
FN:11,(anonymous_0)
FN:16,(anonymous_1)
FN:22,(anonymous_2)
FN:29,(anonymous_3)
FN:42,(anonymous_4)
FN:43,(anonymous_5)
FN:49,(anonymous_6)
FN:53,(anonymous_7)
FN:56,(anonymous_8)
FN:68,(anonymous_9)
FN:99,(anonymous_10)
FN:102,(anonymous_11)
FN:106,(anonymous_12)
FN:120,(anonymous_13)
FN:122,(anonymous_14)
FN:131,(anonymous_15)
FN:134,(anonymous_16)
FN:138,(anonymous_17)
FN:151,(anonymous_18)
FN:153,(anonymous_19)
FN:156,(anonymous_20)
FN:166,(anonymous_21)
FN:168,(anonymous_22)
FN:178,(anonymous_23)
FN:181,(anonymous_24)
FN:183,(anonymous_25)
FN:186,(anonymous_26)
FN:189,(anonymous_27)
FN:192,(anonymous_28)
FN:206,(anonymous_29)
FN:208,(anonymous_30)
FN:213,(anonymous_31)
FN:222,(anonymous_32)
FN:224,(anonymous_33)
FN:229,(anonymous_34)
FN:238,(anonymous_35)
FN:240,(anonymous_36)
FN:246,(anonymous_37)
FN:249,(anonymous_38)
FN:259,(anonymous_39)
FN:261,(anonymous_40)
FN:266,(anonymous_41)
FN:268,(anonymous_42)
FN:277,(anonymous_43)
FN:279,(anonymous_44)
FN:284,(anonymous_45)
FN:286,(anonymous_46)
FN:296,(anonymous_47)
FN:303,(anonymous_48)
FN:310,(anonymous_49)
FNF:50
FNH:0
FNDA:0,(anonymous_0)
FNDA:0,(anonymous_1)
FNDA:0,(anonymous_2)
FNDA:0,(anonymous_3)
FNDA:0,(anonymous_4)
FNDA:0,(anonymous_5)
FNDA:0,(anonymous_6)
FNDA:0,(anonymous_7)
FNDA:0,(anonymous_8)
FNDA:0,(anonymous_9)
FNDA:0,(anonymous_10)
FNDA:0,(anonymous_11)
FNDA:0,(anonymous_12)
FNDA:0,(anonymous_13)
FNDA:0,(anonymous_14)
FNDA:0,(anonymous_15)
FNDA:0,(anonymous_16)
FNDA:0,(anonymous_17)
FNDA:0,(anonymous_18)
FNDA:0,(anonymous_19)
FNDA:0,(anonymous_20)
FNDA:0,(anonymous_21)
FNDA:0,(anonymous_22)
FNDA:0,(anonymous_23)
FNDA:0,(anonymous_24)
FNDA:0,(anonymous_25)
FNDA:0,(anonymous_26)
FNDA:0,(anonymous_27)
FNDA:0,(anonymous_28)
FNDA:0,(anonymous_29)
FNDA:0,(anonymous_30)
FNDA:0,(anonymous_31)
FNDA:0,(anonymous_32)
FNDA:0,(anonymous_33)
FNDA:0,(anonymous_34)
FNDA:0,(anonymous_35)
FNDA:0,(anonymous_36)
FNDA:0,(anonymous_37)
FNDA:0,(anonymous_38)
FNDA:0,(anonymous_39)
FNDA:0,(anonymous_40)
FNDA:0,(anonymous_41)
FNDA:0,(anonymous_42)
FNDA:0,(anonymous_43)
FNDA:0,(anonymous_44)
FNDA:0,(anonymous_45)
FNDA:0,(anonymous_46)
FNDA:0,(anonymous_47)
FNDA:0,(anonymous_48)
FNDA:0,(anonymous_49)
DA:12,0
DA:13,0
DA:17,0
DA:18,0
DA:24,0
DA:25,0
DA:26,0
DA:29,0
DA:30,0
DA:32,0
DA:34,0
DA:43,0
DA:44,0
DA:51,0
DA:53,0
DA:54,0
DA:55,0
DA:56,0
DA:57,0
DA:58,0
DA:61,0
DA:62,0
DA:63,0
DA:67,0
DA:69,0
DA:100,0
DA:102,0
DA:103,0
DA:104,0
DA:107,0
DA:111,0
DA:112,0
DA:115,0
DA:116,0
DA:117,0
DA:121,0
DA:123,0
DA:134,0
DA:135,0
DA:136,0
DA:138,0
DA:139,0
DA:140,0
DA:142,0
DA:152,0
DA:153,0
DA:154,0
DA:155,0
DA:156,0
DA:157,0
DA:159,0
DA:167,0
DA:168,0
DA:169,0
DA:170,0
DA:180,0
DA:182,0
DA:184,0
DA:185,0
DA:187,0
DA:188,0
DA:189,0
DA:190,0
DA:191,0
DA:193,0
DA:194,0
DA:197,0
DA:208,0
DA:209,0
DA:210,0
DA:213,0
DA:214,0
DA:224,0
DA:225,0
DA:226,0
DA:229,0
DA:230,0
DA:240,0
DA:241,0
DA:242,0
DA:244,0
DA:245,0
DA:246,0
DA:248,0
DA:249,0
DA:251,0
DA:261,0
DA:262,0
DA:263,0
DA:266,0
DA:268,0
DA:269,0
DA:279,0
DA:280,0
DA:281,0
DA:284,0
DA:286,0
DA:287,0
DA:297,0
DA:304,0
DA:312,0
DA:317,0
DA:318,0
LF:103
LH:0
BRDA:24,0,0,0
BRDA:24,0,1,0
BRDA:30,1,0,0
BRDA:30,1,1,0
BRDA:49,2,0,0
BRDA:57,3,0,0
BRDA:57,3,1,0
BRDA:62,4,0,0
BRDA:62,4,1,0
BRDA:62,5,0,0
BRDA:62,5,1,0
BRDA:107,6,0,0
BRDA:107,6,1,0
BRDA:111,7,0,0
BRDA:111,7,1,0
BRDA:135,8,0,0
BRDA:135,8,1,0
BRDA:139,9,0,0
BRDA:139,9,1,0
BRDA:193,10,0,0
BRDA:193,10,1,0
BRDA:209,11,0,0
BRDA:209,11,1,0
BRDA:225,12,0,0
BRDA:225,12,1,0
BRDA:241,13,0,0
BRDA:241,13,1,0
BRDA:245,14,0,0
BRDA:245,14,1,0
BRDA:248,15,0,0
BRDA:248,15,1,0
BRDA:262,16,0,0
BRDA:262,16,1,0
BRDA:280,17,0,0
BRDA:280,17,1,0
BRF:35
BRH:0
end_of_record
TN:
SF:/Users/tanyastickles/Code/Udacity/mws-restaurant-reviews/js/idb.js
FN:3,(anonymous_0)
FN:4,toArray
FN:8,promisifyRequest
FN:9,(anonymous_3)
FN:10,(anonymous_4)
FN:14,(anonymous_5)
FN:20,promisifyRequestCall
FN:22,(anonymous_7)
FN:31,promisifyCursorRequestCall
FN:33,(anonymous_9)
FN:39,proxyProperties
FN:40,(anonymous_11)
FN:42,(anonymous_12)
FN:45,(anonymous_13)
FN:52,proxyRequestMethods
FN:53,(anonymous_15)
FN:55,(anonymous_16)
FN:61,proxyMethods
FN:62,(anonymous_18)
FN:64,(anonymous_19)
FN:70,proxyCursorRequestMethods
FN:71,(anonymous_21)
FN:73,(anonymous_22)
FN:79,Index
FN:103,Cursor
FN:121,(anonymous_25)
FN:123,(anonymous_26)
FN:126,(anonymous_27)
FN:128,(anonymous_28)
FN:136,ObjectStore
FN:140,(anonymous_30)
FN:144,(anonymous_31)
FN:176,Transaction
FN:178,(anonymous_33)
FN:179,(anonymous_34)
FN:182,(anonymous_35)
FN:185,(anonymous_36)
FN:191,(anonymous_37)
FN:204,UpgradeDB
FN:210,(anonymous_39)
FN:225,DB
FN:229,(anonymous_41)
FN:245,(anonymous_42)
FN:246,(anonymous_43)
FN:250,(anonymous_44)
FN:255,(anonymous_45)
FN:263,(anonymous_46)
FN:265,(anonymous_47)
FN:269,(anonymous_48)
FN:270,(anonymous_49)
FN:288,(anonymous_50)
FN:293,(anonymous_51)
FN:300,(anonymous_52)
FN:304,(anonymous_53)
FNF:54
FNH:0
FNDA:0,(anonymous_0)
FNDA:0,toArray
FNDA:0,promisifyRequest
FNDA:0,(anonymous_3)
FNDA:0,(anonymous_4)
FNDA:0,(anonymous_5)
FNDA:0,promisifyRequestCall
FNDA:0,(anonymous_7)
FNDA:0,promisifyCursorRequestCall
FNDA:0,(anonymous_9)
FNDA:0,proxyProperties
FNDA:0,(anonymous_11)
FNDA:0,(anonymous_12)
FNDA:0,(anonymous_13)
FNDA:0,proxyRequestMethods
FNDA:0,(anonymous_15)
FNDA:0,(anonymous_16)
FNDA:0,proxyMethods
FNDA:0,(anonymous_18)
FNDA:0,(anonymous_19)
FNDA:0,proxyCursorRequestMethods
FNDA:0,(anonymous_21)
FNDA:0,(anonymous_22)
FNDA:0,Index
FNDA:0,Cursor
FNDA:0,(anonymous_25)
FNDA:0,(anonymous_26)
FNDA:0,(anonymous_27)
FNDA:0,(anonymous_28)
FNDA:0,ObjectStore
FNDA:0,(anonymous_30)
FNDA:0,(anonymous_31)
FNDA:0,Transaction
FNDA:0,(anonymous_33)
FNDA:0,(anonymous_34)
FNDA:0,(anonymous_35)
FNDA:0,(anonymous_36)
FNDA:0,(anonymous_37)
FNDA:0,UpgradeDB
FNDA:0,(anonymous_39)
FNDA:0,DB
FNDA:0,(anonymous_41)
FNDA:0,(anonymous_42)
FNDA:0,(anonymous_43)
FNDA:0,(anonymous_44)
FNDA:0,(anonymous_45)
FNDA:0,(anonymous_46)
FNDA:0,(anonymous_47)
FNDA:0,(anonymous_48)
FNDA:0,(anonymous_49)
FNDA:0,(anonymous_50)
FNDA:0,(anonymous_51)
FNDA:0,(anonymous_52)
FNDA:0,(anonymous_53)
DA:3,0
DA:5,0
DA:9,0
DA:10,0
DA:11,0
DA:14,0
DA:15,0
DA:22,0
DA:23,0
DA:24,0
DA:27,0
DA:28,0
DA:32,0
DA:33,0
DA:34,0
DA:35,0
DA:40,0
DA:41,0
DA:43,0
DA:46,0
DA:53,0
DA:54,0
DA:55,0
DA:56,0
DA:62,0
DA:63,0
DA:64,0
DA:65,0
DA:71,0
DA:72,0
DA:73,0
DA:74,0
DA:80,0
DA:83,0
DA:90,0
DA:98,0
DA:104,0
DA:105,0
DA:108,0
DA:115,0
DA:121,0
DA:122,0
DA:123,0
DA:124,0
DA:125,0
DA:126,0
DA:127,0
DA:128,0
DA:129,0
DA:130,0
DA:137,0
DA:140,0
DA:141,0
DA:144,0
DA:145,0
DA:148,0
DA:155,0
DA:167,0
DA:172,0
DA:177,0
DA:178,0
DA:179,0
DA:180,0
DA:182,0
DA:183,0
DA:185,0
DA:186,0
DA:191,0
DA:192,0
DA:195,0
DA:200,0
DA:205,0
DA:206,0
DA:207,0
DA:210,0
DA:211,0
DA:214,0
DA:220,0
DA:226,0
DA:229,0
DA:230,0
DA:233,0
DA:239,0
DA:245,0
DA:246,0
DA:248,0
DA:250,0
DA:251,0
DA:252,0
DA:253,0
DA:254,0
DA:255,0
DA:256,0
DA:263,0
DA:264,0
DA:265,0
DA:266,0
DA:267,0
DA:269,0
DA:270,0
DA:271,0
DA:272,0
DA:273,0
DA:275,0
DA:277,0
DA:278,0
DA:279,0
DA:281,0
DA:287,0
DA:289,0
DA:290,0
DA:292,0
DA:293,0
DA:294,0
DA:295,0
DA:300,0
DA:301,0
DA:305,0
DA:309,0
DA:310,0
DA:311,0
DA:314,0
LF:122
LH:0
BRDA:34,0,0,0
BRDA:34,0,1,0
BRDA:54,1,0,0
BRDA:54,1,1,0
BRDA:63,2,0,0
BRDA:63,2,1,0
BRDA:72,3,0,0
BRDA:72,3,1,0
BRDA:122,4,0,0
BRDA:122,4,1,0
BRDA:129,5,0,0
BRDA:129,5,1,0
BRDA:248,6,0,0
BRDA:248,6,1,0
BRDA:253,7,0,0
BRDA:253,7,1,0
BRDA:264,8,0,0
BRDA:264,8,1,0
BRDA:271,9,0,0
BRDA:271,9,1,0
BRDA:277,10,0,0
BRDA:277,10,1,0
BRDA:277,11,0,0
BRDA:277,11,1,0
BRDA:292,12,0,0
BRDA:292,12,1,0
BRDA:294,13,0,0
BRDA:294,13,1,0
BRDA:309,14,0,0
BRDA:309,14,1,0
BRF:30
BRH:0
end_of_record
TN:
SF:/Users/tanyastickles/Code/Udacity/mws-restaurant-reviews/js/restaurant_info.js
FN:7,(anonymous_0)
FN:14,(anonymous_1)
FN:15,(anonymous_2)
FN:42,(anonymous_3)
FN:52,(anonymous_4)
FN:67,(anonymous_5)
FN:96,(anonymous_6)
FN:116,(anonymous_7)
FN:129,(anonymous_8)
FN:138,(anonymous_9)
FN:165,(anonymous_10)
FN:175,(anonymous_11)
FNF:12
FNH:0
FNDA:0,(anonymous_0)
FNDA:0,(anonymous_1)
FNDA:0,(anonymous_2)
FNDA:0,(anonymous_3)
FNDA:0,(anonymous_4)
FNDA:0,(anonymous_5)
FNDA:0,(anonymous_6)
FNDA:0,(anonymous_7)
FNDA:0,(anonymous_8)
FNDA:0,(anonymous_9)
FNDA:0,(anonymous_10)
FNDA:0,(anonymous_11)
DA:7,0
DA:8,0
DA:14,0
DA:15,0
DA:16,0
DA:17,0
DA:19,0
DA:24,0
DA:32,0
DA:33,0
DA:42,0
DA:43,0
DA:44,0
DA:45,0
DA:47,0
DA:48,0
DA:49,0
DA:50,0
DA:52,0
DA:53,0
DA:54,0
DA:55,0
DA:56,0
DA:58,0
DA:59,0
DA:67,0
DA:68,0
DA:69,0
DA:71,0
DA:72,0
DA:74,0
DA:75,0
DA:76,0
DA:77,0
DA:79,0
DA:80,0
DA:83,0
DA:84,0
DA:88,0
DA:96,0
DA:97,0
DA:98,0
DA:99,0
DA:101,0
DA:102,0
DA:103,0
DA:105,0
DA:106,0
DA:107,0
DA:109,0
DA:116,0
DA:117,0
DA:118,0
DA:119,0
DA:120,0
DA:122,0
DA:123,0
DA:124,0
DA:125,0
DA:126,0
DA:128,0
DA:129,0
DA:130,0
DA:132,0
DA:138,0
DA:139,0
DA:140,0
DA:141,0
DA:142,0
DA:144,0
DA:148,0
DA:149,0
DA:151,0
DA:152,0
DA:153,0
DA:155,0
DA:156,0
DA:157,0
DA:159,0
DA:165,0
DA:166,0
DA:167,0
DA:168,0
DA:169,0
DA:175,0
DA:176,0
DA:177,0
DA:178,0
DA:179,0
DA:180,0
DA:181,0
DA:182,0
DA:183,0
DA:184,0
DA:185,0
LF:95
LH:0
BRDA:16,0,0,0
BRDA:16,0,1,0
BRDA:43,1,0,0
BRDA:43,1,1,0
BRDA:48,2,0,0
BRDA:48,2,1,0
BRDA:54,3,0,0
BRDA:54,3,1,0
BRDA:67,4,0,0
BRDA:83,5,0,0
BRDA:83,5,1,0
BRDA:96,6,0,0
BRDA:116,7,0,0
BRDA:122,8,0,0
BRDA:122,8,1,0
BRDA:165,9,0,0
BRDA:176,10,0,0
BRDA:176,10,1,0
BRDA:181,11,0,0
BRDA:181,11,1,0
BRDA:183,12,0,0
BRDA:183,12,1,0
BRF:22
BRH:0
end_of_record
